2021-09-28 15:50:06.226  INFO 13774 --- [main] c.h.a.c.CustomScannersServiceApplication : Starting CustomScannersServiceApplication on spiriteagle with PID 13774 (/home/yamis/.vscode/extensions/hcltechnologies.hclappscancodesweep-1.1.4/lib/custom-scanners-service-1.0.11.jar started by yamis in /home/yamis/code/webinar/MyProjects/pmfcportal)
2021-09-28 15:50:06.249  INFO 13774 --- [main] c.h.a.c.CustomScannersServiceApplication : No active profile set, falling back to default profiles: default
2021-09-28 15:50:08.626  INFO 13774 --- [main] o.s.b.w.embedded.tomcat.TomcatWebServer  : Tomcat initialized with port(s): 9221 (http)
2021-09-28 15:50:08.641  INFO 13774 --- [main] o.apache.catalina.core.StandardService   : Starting service [Tomcat]
2021-09-28 15:50:08.642  INFO 13774 --- [main] org.apache.catalina.core.StandardEngine  : Starting Servlet engine: [Apache Tomcat/9.0.29]
2021-09-28 15:50:08.762  INFO 13774 --- [main] o.a.c.c.C.[Tomcat].[localhost].[/]       : Initializing Spring embedded WebApplicationContext
2021-09-28 15:50:08.762 DEBUG 13774 --- [main] o.s.web.context.ContextLoader            : Published root WebApplicationContext as ServletContext attribute with name [org.springframework.web.context.WebApplicationContext.ROOT]
2021-09-28 15:50:08.762  INFO 13774 --- [main] o.s.web.context.ContextLoader            : Root WebApplicationContext: initialization completed in 2406 ms
2021-09-28 15:50:09.058 DEBUG 13774 --- [main] o.s.b.w.s.ServletContextInitializerBeans : Mapping filters: filterRegistrationBean urls=[/*] order=-2147483647, characterEncodingFilter urls=[/*] order=-2147483648, formContentFilter urls=[/*] order=-9900, requestContextFilter urls=[/*] order=-105
2021-09-28 15:50:09.059 DEBUG 13774 --- [main] o.s.b.w.s.ServletContextInitializerBeans : Mapping servlets: dispatcherServlet urls=[/]
2021-09-28 15:50:10.991 DEBUG 13774 --- [main] s.w.s.m.m.a.RequestMappingHandlerMapping : 19 mappings in 'requestMappingHandlerMapping'
2021-09-28 15:50:11.062  INFO 13774 --- [main] o.s.b.a.e.web.EndpointLinksResolver      : Exposing 2 endpoint(s) beneath base path '/actuator'
2021-09-28 15:50:11.232  INFO 13774 --- [main] pertySourcedRequestMappingHandlerMapping : Mapped URL path [/v2/api-docs] onto method [springfox.documentation.swagger2.web.Swagger2Controller#getDocumentation(String, HttpServletRequest)]
2021-09-28 15:50:11.428  INFO 13774 --- [main] o.s.s.concurrent.ThreadPoolTaskExecutor  : Initializing ExecutorService 'applicationTaskExecutor'
2021-09-28 15:50:11.465 DEBUG 13774 --- [main] s.w.s.m.m.a.RequestMappingHandlerAdapter : ControllerAdvice beans: 0 @ModelAttribute, 0 @InitBinder, 1 RequestBodyAdvice, 1 ResponseBodyAdvice
2021-09-28 15:50:11.641 DEBUG 13774 --- [main] o.s.w.s.handler.SimpleUrlHandlerMapping  : Patterns [/webjars/**, /**] in 'resourceHandlerMapping'
2021-09-28 15:50:11.660 DEBUG 13774 --- [main] .m.m.a.ExceptionHandlerExceptionResolver : ControllerAdvice beans: 1 @ExceptionHandler, 1 ResponseBodyAdvice
2021-09-28 15:50:11.781  INFO 13774 --- [main] d.s.w.p.DocumentationPluginsBootstrapper : Context refreshed
2021-09-28 15:50:11.834  INFO 13774 --- [main] d.s.w.p.DocumentationPluginsBootstrapper : Found 1 custom documentation plugin(s)
2021-09-28 15:50:11.913  INFO 13774 --- [main] s.d.s.w.s.ApiListingReferenceScanner     : Scanning for api listing references
2021-09-28 15:50:12.510  INFO 13774 --- [main] o.s.b.w.embedded.tomcat.TomcatWebServer  : Tomcat started on port(s): 9221 (http) with context path ''
2021-09-28 15:50:12.519  INFO 13774 --- [main] c.h.a.c.CustomScannersServiceApplication : Started CustomScannersServiceApplication in 7.449 seconds (JVM running for 9.181)
